#
# A fatal error has been detected by the Java Runtime Environment:
#
#  Internal Error (./src/hotspot/share/runtime/vmThread.cpp:668), pid=24244, tid=18376
#  fatal error: Nested VM operation CollectForMetadataAllocation requested by operation ChangeBreakpoints
#
# JRE version: OpenJDK Runtime Environment Zulu15.44+13-CA (15.0.9+5) (build 15.0.9+5-MTS)
# Java VM: OpenJDK 64-Bit Server VM Zulu15.44+13-CA (15.0.9+5-MTS, mixed mode, sharing, tiered, compressed oops, g1 gc, windows-amd64)
# No core dump will be written. Minidumps are not enabled by default on client versions of Windows
#
# If you would like to submit a bug report, please visit:
#   http://www.azul.com/support/
#

---------------  S U M M A R Y ------------

Command Line: -agentlib:jdwp=transport=dt_socket,address=127.0.0.1:63886,suspend=y,server=n -XX:TieredStopAtLevel=1 -Dspring.output.ansi.enabled=always -Dcom.sun.management.jmxremote -Dspring.jmx.enabled=true -Dspring.liveBeansView.mbeanDomain -Dspring.application.admin.enabled=true -Dmanagement.endpoints.jmx.exposure.include=* -javaagent:C:\Users\User\AppData\Local\JetBrains\IntelliJIdea2022.3\captureAgent\debugger-agent.jar -Dfile.encoding=UTF-8 cg.ProjectFinalApplication

Host: AMD Ryzen 5 5500U with Radeon Graphics         , 12 cores, 15G,  Windows 11 , 64 bit Build 22000 (10.0.22000.1335)
Time: Mon Jul 10 11:46:16 2023 SE Asia Standard Time elapsed time: 6.170021 seconds (0d 0h 0m 6s)

---------------  T H R E A D  ---------------

Current thread (0x00000183ae948090):  VMThread "VM Thread" [stack: 0x000000668e800000,0x000000668e900000] [id=18376]

Stack: [0x000000668e800000,0x000000668e900000]
[error occurred during error reporting (printing stack bounds), id 0xc0000005, EXCEPTION_ACCESS_VIOLATION (0xc0000005) at pc=0x0000018392d710ad]

Native frames: (J=compiled Java code, j=interpreted, Vv=VM code, C=native code)
V  [jvm.dll+0x60036a]
V  [jvm.dll+0x79fd79]
V  [jvm.dll+0x7a14d3]
V  [jvm.dll+0x7a1a85]
V  [jvm.dll+0x7a1a3b]
V  [jvm.dll+0x5ff78f]
V  [jvm.dll+0x5fff58]
C  [ntdll.dll+0xa8b1f]
C  [ntdll.dll+0x35b9a]
C  [ntdll.dll+0xa7b2e]
C  0x0000018392d710ad

VM_Operation (0x000000668f1ff3c0): ChangeBreakpoints, mode: safepoint, requested by thread 0x00000183aeb6bb60


---------------  P R O C E S S  ---------------

Threads class SMR info:
_java_thread_list=0x00000183b4528f50, length=24, elements={
0x000001838a826ef0, 0x00000183ae94d750, 0x00000183ae950140, 0x00000183ae9677f0,
0x00000183ae9680b0, 0x00000183ae968970, 0x00000183ae969230, 0x00000183ae96e890,
0x00000183ae132330, 0x00000183aeb6bb60, 0x00000183aeb85bd0, 0x00000183aeb860c0,
0x00000183aebaca10, 0x00000183af323020, 0x00000183afc10af0, 0x00000183afc1a7e0,
0x00000183afcc9ad0, 0x00000183afd5b3c0, 0x00000183b0029190, 0x00000183b002bce0,
0x00000183b002c1b0, 0x00000183b002a000, 0x00000183b0028cc0, 0x00000183b453aa00
}

Java Threads: ( => current thread )
  0x000001838a826ef0 JavaThread "main" [_thread_blocked, id=11360, stack(0x000000668e200000,0x000000668e300000)]
  0x00000183ae94d750 JavaThread "Reference Handler" daemon [_thread_blocked, id=18424, stack(0x000000668e900000,0x000000668ea00000)]
  0x00000183ae950140 JavaThread "Finalizer" daemon [_thread_blocked, id=18512, stack(0x000000668ea00000,0x000000668eb00000)]
  0x00000183ae9677f0 JavaThread "Signal Dispatcher" daemon [_thread_blocked, id=19520, stack(0x000000668eb00000,0x000000668ec00000)]
  0x00000183ae9680b0 JavaThread "Attach Listener" daemon [_thread_blocked, id=21016, stack(0x000000668ec00000,0x000000668ed00000)]
  0x00000183ae968970 JavaThread "Service Thread" daemon [_thread_blocked, id=11216, stack(0x000000668ed00000,0x000000668ee00000)]
  0x00000183ae969230 JavaThread "C1 CompilerThread0" daemon [_thread_blocked, id=18628, stack(0x000000668ee00000,0x000000668ef00000)]
  0x00000183ae96e890 JavaThread "Sweeper thread" daemon [_thread_blocked, id=10032, stack(0x000000668ef00000,0x000000668f000000)]
  0x00000183ae132330 JavaThread "Common-Cleaner" daemon [_thread_blocked, id=8448, stack(0x000000668f000000,0x000000668f100000)]
  0x00000183aeb6bb60 JavaThread "JDWP Transport Listener: dt_socket" daemon [_thread_blocked, id=19780, stack(0x000000668f100000,0x000000668f200000)]
  0x00000183aeb85bd0 JavaThread "JDWP Event Helper Thread" daemon [_thread_blocked, id=10632, stack(0x000000668f200000,0x000000668f300000)]
  0x00000183aeb860c0 JavaThread "JDWP Command Reader" daemon [_thread_in_native, id=10720, stack(0x000000668f300000,0x000000668f400000)]
  0x00000183aebaca10 JavaThread "Notification Thread" daemon [_thread_blocked, id=3824, stack(0x000000668f400000,0x000000668f500000)]
  0x00000183af323020 JavaThread "RMI TCP Accept-0" daemon [_thread_in_native, id=2384, stack(0x000000668f500000,0x000000668f600000)]
  0x00000183afc10af0 JavaThread "Thread-0" [_thread_blocked, id=9788, stack(0x000000668fc00000,0x000000668fd00000)]
  0x00000183afc1a7e0 JavaThread "restartedMain" [_thread_blocked, id=3376, stack(0x000000668fd00000,0x000000668fe00000)]
  0x00000183afcc9ad0 JavaThread "RMI TCP Connection(1)-192.168.1.18" daemon [_thread_in_native, id=24936, stack(0x000000668ff00000,0x0000006690000000)]
  0x00000183afd5b3c0 JavaThread "RMI Scheduler(0)" daemon [_thread_blocked, id=19556, stack(0x0000006690000000,0x0000006690100000)]
  0x00000183b0029190 JavaThread "mysql-cj-abandoned-connection-cleanup" daemon [_thread_blocked, id=23508, stack(0x0000006690100000,0x0000006690200000)]
  0x00000183b002bce0 JavaThread "HikariPool-1 housekeeper" daemon [_thread_blocked, id=8772, stack(0x0000006690700000,0x0000006690800000)]
  0x00000183b002c1b0 JavaThread "HikariPool-1 connection adder" daemon [_thread_blocked, id=16660, stack(0x0000006690800000,0x0000006690900000)]
  0x00000183b002a000 JavaThread "Catalina-utility-1" [_thread_blocked, id=20964, stack(0x0000006690900000,0x0000006690a00000)]
  0x00000183b0028cc0 JavaThread "Catalina-utility-2" [_thread_blocked, id=6268, stack(0x0000006690a00000,0x0000006690b00000)]
  0x00000183b453aa00 JavaThread "container-0" [_thread_blocked, id=10464, stack(0x0000006690b00000,0x0000006690c00000)]

Other Threads:
=>0x00000183ae948090 VMThread "VM Thread" [stack: 0x000000668e800000,0x000000668e900000] [id=18376]
  0x000001838a827f60 WatcherThread [stack: 0x000000668f600000,0x000000668f700000] [id=11300]
  0x000001838a8765c0 GCTaskThread "GC Thread#0" [stack: 0x000000668e300000,0x000000668e400000] [id=1508]
  0x00000183aeb632e0 GCTaskThread "GC Thread#1" [stack: 0x000000668f700000,0x000000668f800000] [id=21816]
  0x00000183aeb60310 GCTaskThread "GC Thread#2" [stack: 0x000000668f800000,0x000000668f900000] [id=17260]
  0x00000183afaf2da0 GCTaskThread "GC Thread#3" [stack: 0x000000668f900000,0x000000668fa00000] [id=12376]
  0x00000183afaf40c0 GCTaskThread "GC Thread#4" [stack: 0x000000668fa00000,0x000000668fb00000] [id=21936]
  0x00000183afaf1db0 GCTaskThread "GC Thread#5" [stack: 0x000000668fe00000,0x000000668ff00000] [id=4484]
  0x00000183afaf3730 GCTaskThread "GC Thread#6" [stack: 0x0000006690200000,0x0000006690300000] [id=2352]
  0x00000183afaf4d80 GCTaskThread "GC Thread#7" [stack: 0x0000006690300000,0x0000006690400000] [id=8316]
  0x000001838a887e00 ConcurrentGCThread "G1 Main Marker" [stack: 0x000000668e400000,0x000000668e500000] [id=17040]
  0x000001838a889190 ConcurrentGCThread "G1 Conc#0" [stack: 0x000000668e500000,0x000000668e600000] [id=8964]
  0x00000183afaf43f0 ConcurrentGCThread "G1 Conc#1" [stack: 0x0000006690400000,0x0000006690500000] [id=24472]
  0x00000183afaf50b0 ConcurrentGCThread "G1 Conc#2" [stack: 0x0000006690500000,0x0000006690600000] [id=16076]
  0x00000183adfc20d0 ConcurrentGCThread "G1 Refine#0" [stack: 0x000000668e600000,0x000000668e700000] [id=7012]
  0x00000183afb04bf0 ConcurrentGCThread "G1 Refine#1" [stack: 0x000000668fb00000,0x000000668fc00000] [id=6660]
  0x00000183adfc2910 ConcurrentGCThread "G1 Young RemSet Sampling" [stack: 0x000000668e700000,0x000000668e800000] [id=13752]

Threads with active compile tasks:

VM state: at safepoint (normal execution)

VM Mutex/Monitor currently owned by a thread:  ([mutex/lock_event])
[0x000001838a8213c0] Threads_lock - owner thread: 0x00000183ae948090

Heap address: 0x000000070a800000, size: 3928 MB, Compressed Oops mode: Zero based, Oop shift amount: 3
CDS archive(s) mapped at: [0x0000000800000000-0x0000000800b50000-0x0000000800b50000), size 11862016, SharedBaseAddress: 0x0000000800000000, ArchiveRelocationMode: 0.
Compressed class space mapped at: 0x0000000800b50000-0x0000000840b50000, size: 1073741824
Narrow klass base: 0x0000000800000000, Narrow klass shift: 3, Narrow klass range: 0x100000000

GC Precious Log:
 CPUs: 12 total, 12 available
 Memory: 15706M
 Large Page Support: Disabled
 NUMA Support: Disabled
 Compressed Oops: Enabled (Zero based)
 Heap Region Size: 2M
 Heap Min Capacity: 8M
 Heap Initial Capacity: 246M
 Heap Max Capacity: 3928M
 Pre-touch: Disabled
 Parallel Workers: 10
 Concurrent Workers: 3
 Concurrent Refinement Workers: 10
 Periodic GC: Disabled

Heap:
 garbage-first heap   total 122880K, used 76014K [0x000000070a800000, 0x0000000800000000)
  region size 2048K, 25 young (51200K), 3 survivors (6144K)
 Metaspace       used 59688K, capacity 60242K, committed 60420K, reserved 1101824K
  class space    used 8273K, capacity 8460K, committed 8556K, reserved 1048576K

Heap Regions: E=young(eden), S=young(survivor), O=old, HS=humongous(starts), HC=humongous(continues), CS=collection set, F=free, OA=open archive, CA=closed archive, TAMS=top-at-mark-start (previous, next)
|   0|0x000000070a800000, 0x000000070aa00000, 0x000000070aa00000|100%| O|  |TAMS 0x000000070aa00000, 0x000000070a800000| Untracked 
|   1|0x000000070aa00000, 0x000000070ac00000, 0x000000070ac00000|100%| O|  |TAMS 0x000000070ac00000, 0x000000070aa00000| Untracked 
|   2|0x000000070ac00000, 0x000000070ae00000, 0x000000070ae00000|100%| O|  |TAMS 0x000000070ae00000, 0x000000070ac00000| Untracked 
|   3|0x000000070ae00000, 0x000000070b000000, 0x000000070b000000|100%| O|  |TAMS 0x000000070b000000, 0x000000070ae00000| Untracked 
|   4|0x000000070b000000, 0x000000070b041400, 0x000000070b200000| 12%| O|  |TAMS 0x000000070b041400, 0x000000070b000000| Untracked 
|   5|0x000000070b200000, 0x000000070b400000, 0x000000070b400000|100%| O|  |TAMS 0x000000070b400000, 0x000000070b200000| Untracked 
|   6|0x000000070b400000, 0x000000070b600000, 0x000000070b600000|100%| O|  |TAMS 0x000000070b600000, 0x000000070b400000| Untracked 
|   7|0x000000070b600000, 0x000000070b800000, 0x000000070b800000|100%| O|  |TAMS 0x000000070b800000, 0x000000070b600000| Untracked 
|   8|0x000000070b800000, 0x000000070ba00000, 0x000000070ba00000|100%| O|  |TAMS 0x000000070ba00000, 0x000000070b800000| Untracked 
|   9|0x000000070ba00000, 0x000000070bb1fe00, 0x000000070bc00000| 56%| O|  |TAMS 0x000000070bb1fe00, 0x000000070ba00000| Untracked 
|  10|0x000000070bc00000, 0x000000070be00000, 0x000000070be00000|100%| O|  |TAMS 0x000000070bc00000, 0x000000070bc00000| Untracked 
|  11|0x000000070be00000, 0x000000070c000000, 0x000000070c000000|100%| O|  |TAMS 0x000000070be00000, 0x000000070be00000| Untracked 
|  12|0x000000070c000000, 0x000000070c200000, 0x000000070c200000|100%| O|  |TAMS 0x000000070c000000, 0x000000070c000000| Untracked 
|  13|0x000000070c200000, 0x000000070c400000, 0x000000070c400000|100%| O|  |TAMS 0x000000070c200000, 0x000000070c200000| Untracked 
|  14|0x000000070c400000, 0x000000070c600000, 0x000000070c600000|100%| O|  |TAMS 0x000000070c400000, 0x000000070c400000| Untracked 
|  15|0x000000070c600000, 0x000000070c6a4a00, 0x000000070c800000| 32%| O|  |TAMS 0x000000070c600000, 0x000000070c600000| Untracked 
|  16|0x000000070c800000, 0x000000070c800000, 0x000000070ca00000|  0%| F|  |TAMS 0x000000070c800000, 0x000000070c800000| Untracked 
|  17|0x000000070ca00000, 0x000000070ca00000, 0x000000070cc00000|  0%| F|  |TAMS 0x000000070ca00000, 0x000000070ca00000| Untracked 
|  18|0x000000070cc00000, 0x000000070cc00000, 0x000000070ce00000|  0%| F|  |TAMS 0x000000070cc00000, 0x000000070cc00000| Untracked 
|  19|0x000000070ce00000, 0x000000070ce00000, 0x000000070d000000|  0%| F|  |TAMS 0x000000070ce00000, 0x000000070ce00000| Untracked 
|  20|0x000000070d000000, 0x000000070d000000, 0x000000070d200000|  0%| F|  |TAMS 0x000000070d000000, 0x000000070d000000| Untracked 
|  21|0x000000070d200000, 0x000000070d200000, 0x000000070d400000|  0%| F|  |TAMS 0x000000070d200000, 0x000000070d200000| Untracked 
|  22|0x000000070d400000, 0x000000070d400000, 0x000000070d600000|  0%| F|  |TAMS 0x000000070d400000, 0x000000070d400000| Untracked 
|  23|0x000000070d600000, 0x000000070d635ef0, 0x000000070d800000| 10%| S|CS|TAMS 0x000000070d600000, 0x000000070d600000| Complete 
|  24|0x000000070d800000, 0x000000070d800000, 0x000000070da00000|  0%| F|  |TAMS 0x000000070d800000, 0x000000070d800000| Untracked 
|  25|0x000000070da00000, 0x000000070da00000, 0x000000070dc00000|  0%| F|  |TAMS 0x000000070da00000, 0x000000070da00000| Untracked 
|  26|0x000000070dc00000, 0x000000070de00000, 0x000000070de00000|100%| S|CS|TAMS 0x000000070dc00000, 0x000000070dc00000| Complete 
|  27|0x000000070de00000, 0x000000070e000000, 0x000000070e000000|100%| S|CS|TAMS 0x000000070de00000, 0x000000070de00000| Complete 
|  28|0x000000070e000000, 0x000000070e000000, 0x000000070e200000|  0%| F|  |TAMS 0x000000070e000000, 0x000000070e000000| Untracked 
|  29|0x000000070e200000, 0x000000070e200000, 0x000000070e400000|  0%| F|  |TAMS 0x000000070e200000, 0x000000070e200000| Untracked 
|  30|0x000000070e400000, 0x000000070e400000, 0x000000070e600000|  0%| F|  |TAMS 0x000000070e400000, 0x000000070e400000| Untracked 
|  31|0x000000070e600000, 0x000000070e600000, 0x000000070e800000|  0%| F|  |TAMS 0x000000070e600000, 0x000000070e600000| Untracked 
|  32|0x000000070e800000, 0x000000070e800000, 0x000000070ea00000|  0%| F|  |TAMS 0x000000070e800000, 0x000000070e800000| Untracked 
|  33|0x000000070ea00000, 0x000000070ea00000, 0x000000070ec00000|  0%| F|  |TAMS 0x000000070ea00000, 0x000000070ea00000| Untracked 
|  34|0x000000070ec00000, 0x000000070ec00000, 0x000000070ee00000|  0%| F|  |TAMS 0x000000070ec00000, 0x000000070ec00000| Untracked 
|  35|0x000000070ee00000, 0x000000070ee00000, 0x000000070f000000|  0%| F|  |TAMS 0x000000070ee00000, 0x000000070ee00000| Untracked 
|  36|0x000000070f000000, 0x000000070f000000, 0x000000070f200000|  0%| F|  |TAMS 0x000000070f000000, 0x000000070f000000| Untracked 
|  37|0x000000070f200000, 0x000000070f200000, 0x000000070f400000|  0%| F|  |TAMS 0x000000070f200000, 0x000000070f200000| Untracked 
|  38|0x000000070f400000, 0x000000070f500870, 0x000000070f600000| 50%| E|  |TAMS 0x000000070f400000, 0x000000070f400000| Complete 
|  39|0x000000070f600000, 0x000000070f800000, 0x000000070f800000|100%| E|CS|TAMS 0x000000070f600000, 0x000000070f600000| Complete 
|  40|0x000000070f800000, 0x000000070fa00000, 0x000000070fa00000|100%| E|CS|TAMS 0x000000070f800000, 0x000000070f800000| Complete 
|  41|0x000000070fa00000, 0x000000070fc00000, 0x000000070fc00000|100%| E|CS|TAMS 0x000000070fa00000, 0x000000070fa00000| Complete 
|  42|0x000000070fc00000, 0x000000070fe00000, 0x000000070fe00000|100%| E|CS|TAMS 0x000000070fc00000, 0x000000070fc00000| Complete 
|  43|0x000000070fe00000, 0x0000000710000000, 0x0000000710000000|100%| E|CS|TAMS 0x000000070fe00000, 0x000000070fe00000| Complete 
|  44|0x0000000710000000, 0x0000000710200000, 0x0000000710200000|100%| E|CS|TAMS 0x0000000710000000, 0x0000000710000000| Complete 
|  45|0x0000000710200000, 0x0000000710400000, 0x0000000710400000|100%| E|CS|TAMS 0x0000000710200000, 0x0000000710200000| Complete 
|  46|0x0000000710400000, 0x0000000710600000, 0x0000000710600000|100%| E|CS|TAMS 0x0000000710400000, 0x0000000710400000| Complete 
|  47|0x0000000710600000, 0x0000000710800000, 0x0000000710800000|100%| E|CS|TAMS 0x0000000710600000, 0x0000000710600000| Complete 
|  48|0x0000000710800000, 0x0000000710a00000, 0x0000000710a00000|100%| E|CS|TAMS 0x0000000710800000, 0x0000000710800000| Complete 
|  49|0x0000000710a00000, 0x0000000710c00000, 0x0000000710c00000|100%| E|CS|TAMS 0x0000000710a00000, 0x0000000710a00000| Complete 
|  50|0x0000000710c00000, 0x0000000710e00000, 0x0000000710e00000|100%| E|CS|TAMS 0x0000000710c00000, 0x0000000710c00000| Complete 
|  51|0x0000000710e00000, 0x0000000711000000, 0x0000000711000000|100%| E|CS|TAMS 0x0000000710e00000, 0x0000000710e00000| Complete 
|  52|0x0000000711000000, 0x0000000711200000, 0x0000000711200000|100%| E|CS|TAMS 0x0000000711000000, 0x0000000711000000| Complete 
|  53|0x0000000711200000, 0x0000000711400000, 0x0000000711400000|100%| E|CS|TAMS 0x0000000711200000, 0x0000000711200000| Complete 
|  54|0x0000000711400000, 0x0000000711600000, 0x0000000711600000|100%| E|CS|TAMS 0x0000000711400000, 0x0000000711400000| Complete 
|  55|0x0000000711600000, 0x0000000711800000, 0x0000000711800000|100%| E|CS|TAMS 0x0000000711600000, 0x0000000711600000| Complete 
|  56|0x0000000711800000, 0x0000000711a00000, 0x0000000711a00000|100%| E|CS|TAMS 0x0000000711800000, 0x0000000711800000| Complete 
|  57|0x0000000711a00000, 0x0000000711c00000, 0x0000000711c00000|100%| E|CS|TAMS 0x0000000711a00000, 0x0000000711a00000| Complete 
|  58|0x0000000711c00000, 0x0000000711e00000, 0x0000000711e00000|100%| E|CS|TAMS 0x0000000711c00000, 0x0000000711c00000| Complete 
| 122|0x0000000719c00000, 0x0000000719e00000, 0x0000000719e00000|100%| E|CS|TAMS 0x0000000719c00000, 0x0000000719c00000| Complete 

Card table byte_map: [0x00000183a2a70000,0x00000183a3220000] _byte_map_base: 0x000001839f21c000

Marking Bits (Prev, Next): (CMBitMap*) 0x000001838a877dc0, (CMBitMap*) 0x000001838a877e00
 Prev Bits: [0x00000183a39d0000, 0x00000183a7730000)
 Next Bits: [0x00000183a7730000, 0x00000183ab490000)

Polling page: 0x0000018388810000

Metaspace:

Usage:
  Non-class:     50.57 MB capacity,    50.21 MB (>99%) used,   281.99 KB ( <1%) free+waste,    85.25 KB ( <1%) overhead. 
      Class:      8.26 MB capacity,     8.08 MB ( 98%) used,   151.38 KB (  2%) free+waste,    34.94 KB ( <1%) overhead. 
       Both:     58.83 MB capacity,    58.29 MB (>99%) used,   433.37 KB ( <1%) free+waste,   120.19 KB ( <1%) overhead. 

Virtual space:
  Non-class space:       52.00 MB reserved,      50.65 MB ( 97%) committed 
      Class space:        1.00 GB reserved,       8.36 MB ( <1%) committed 
             Both:        1.05 GB reserved,      59.00 MB (  5%) committed 

Chunk freelists:
   Non-Class:  42.00 KB
       Class:  0 bytes
        Both:  42.00 KB

MaxMetaspaceSize: 17179869184.00 GB
CompressedClassSpaceSize: 1.00 GB

CodeHeap 'non-profiled nmethods': size=238336Kb used=11559Kb max_used=11559Kb free=226776Kb
 bounds [0x00000183934b0000, 0x0000018394000000, 0x00000183a1d70000]
CodeHeap 'non-nmethods': size=7424Kb used=1402Kb max_used=1402Kb free=6021Kb
 bounds [0x0000018392d70000, 0x0000018392fe0000, 0x00000183934b0000]
 total_blobs=7531 nmethods=6922 adapters=535
 compilation: enabled
              stopped_count=0, restarted_count=0
 full_count=0

Compilation events (20 events):
Event: 6.157 Thread 0x00000183ae969230 6915       1       org.springframework.asm.MethodWriter::<init> (232 bytes)
Event: 6.158 Thread 0x00000183ae969230 nmethod 6915 0x0000018393ff3b90 code [0x0000018393ff3dc0, 0x0000018393ff46b8]
Event: 6.158 Thread 0x00000183ae969230 6921       1       org.springframework.asm.MethodWriter::putMethodInfo (1258 bytes)
Event: 6.161 Thread 0x00000183ae969230 nmethod 6921 0x0000018393ff4a90 code [0x0000018393ff4fe0, 0x0000018393ff6428]
Event: 6.161 Thread 0x00000183ae969230 6922       1       org.springframework.asm.Handler::putExceptionTable (63 bytes)
Event: 6.161 Thread 0x00000183ae969230 nmethod 6922 0x0000018393ff7790 code [0x0000018393ff7960, 0x0000018393ff7b88]
Event: 6.161 Thread 0x00000183ae969230 6916       1       org.springframework.cglib.core.ReflectUtils$6::getClassInfo (28 bytes)
Event: 6.162 Thread 0x00000183ae969230 nmethod 6916 0x0000018393ff7e10 code [0x0000018393ff8000, 0x0000018393ff83c8]
Event: 6.162 Thread 0x00000183ae969230 6914       1       org.springframework.asm.ClassWriter::visitMethod (57 bytes)
Event: 6.162 Thread 0x00000183ae969230 nmethod 6914 0x0000018393ff8590 code [0x0000018393ff8740, 0x0000018393ff8a68]
Event: 6.162 Thread 0x00000183ae969230 6917       1       org.springframework.cglib.core.CodeEmitter::end_method (7 bytes)
Event: 6.162 Thread 0x00000183ae969230 nmethod 6917 0x0000018393ff8b90 code [0x0000018393ff8d20, 0x0000018393ff8e48]
Event: 6.162 Thread 0x00000183ae969230 6920       1       org.springframework.asm.MethodWriter::hasFrames (13 bytes)
Event: 6.162 Thread 0x00000183ae969230 nmethod 6920 0x0000018393ff8f10 code [0x0000018393ff90a0, 0x0000018393ff9178]
Event: 6.162 Thread 0x00000183ae969230 6918       1       org.springframework.cglib.core.CodeEmitter::checkcast (19 bytes)
Event: 6.162 Thread 0x00000183ae969230 nmethod 6918 0x0000018393ff9210 code [0x0000018393ff93e0, 0x0000018393ff95b8]
Event: 6.162 Thread 0x00000183ae969230 6912       1       org.springframework.cglib.core.CodeEmitter::load_local (13 bytes)
Event: 6.162 Thread 0x00000183ae969230 nmethod 6912 0x0000018393ff9790 code [0x0000018393ff9940, 0x0000018393ff9a78]
Event: 6.162 Thread 0x00000183ae969230 6919       1       org.springframework.cglib.proxy.Enhancer::access$600 (5 bytes)
Event: 6.162 Thread 0x00000183ae969230 nmethod 6919 0x0000018393ff9b90 code [0x0000018393ff9d20, 0x0000018393ff9db8]

GC Heap History (20 events):
Event: 1.734 GC heap before
{Heap before GC invocations=3 (full 0):
 garbage-first heap   total 251904K, used 31008K [0x000000070a800000, 0x0000000800000000)
  region size 2048K, 13 young (26624K), 3 survivors (6144K)
 Metaspace       used 20873K, capacity 21163K, committed 21296K, reserved 1067008K
  class space    used 2735K, capacity 2862K, committed 2944K, reserved 1048576K
}
Event: 1.738 GC heap after
{Heap after GC invocations=4 (full 0):
 garbage-first heap   total 251904K, used 13349K [0x000000070a800000, 0x0000000800000000)
  region size 2048K, 3 young (6144K), 3 survivors (6144K)
 Metaspace       used 20873K, capacity 21163K, committed 21296K, reserved 1067008K
  class space    used 2735K, capacity 2862K, committed 2944K, reserved 1048576K
}
Event: 2.039 GC heap before
{Heap before GC invocations=5 (full 0):
 garbage-first heap   total 61440K, used 44069K [0x000000070a800000, 0x0000000800000000)
  region size 2048K, 18 young (36864K), 3 survivors (6144K)
 Metaspace       used 23418K, capacity 23777K, committed 23984K, reserved 1071104K
  class space    used 3100K, capacity 3239K, committed 3328K, reserved 1048576K
}
Event: 2.045 GC heap after
{Heap after GC invocations=6 (full 0):
 garbage-first heap   total 61440K, used 15467K [0x000000070a800000, 0x0000000800000000)
  region size 2048K, 2 young (4096K), 2 survivors (4096K)
 Metaspace       used 23418K, capacity 23777K, committed 23984K, reserved 1071104K
  class space    used 3100K, capacity 3239K, committed 3328K, reserved 1048576K
}
Event: 2.214 GC heap before
{Heap before GC invocations=6 (full 0):
 garbage-first heap   total 61440K, used 40043K [0x000000070a800000, 0x0000000800000000)
  region size 2048K, 14 young (28672K), 2 survivors (4096K)
 Metaspace       used 23688K, capacity 24031K, committed 24240K, reserved 1071104K
  class space    used 3149K, capacity 3276K, committed 3328K, reserved 1048576K
}
Event: 2.217 GC heap after
{Heap after GC invocations=7 (full 0):
 garbage-first heap   total 61440K, used 16692K [0x000000070a800000, 0x0000000800000000)
  region size 2048K, 2 young (4096K), 2 survivors (4096K)
 Metaspace       used 23688K, capacity 24031K, committed 24240K, reserved 1071104K
  class space    used 3149K, capacity 3276K, committed 3328K, reserved 1048576K
}
Event: 2.417 GC heap before
{Heap before GC invocations=7 (full 0):
 garbage-first heap   total 61440K, used 41268K [0x000000070a800000, 0x0000000800000000)
  region size 2048K, 14 young (28672K), 2 survivors (4096K)
 Metaspace       used 25353K, capacity 25693K, committed 25776K, reserved 1071104K
  class space    used 3368K, capacity 3508K, committed 3584K, reserved 1048576K
}
Event: 2.420 GC heap after
{Heap after GC invocations=8 (full 0):
 garbage-first heap   total 61440K, used 17905K [0x000000070a800000, 0x0000000800000000)
  region size 2048K, 2 young (4096K), 2 survivors (4096K)
 Metaspace       used 25353K, capacity 25693K, committed 25776K, reserved 1071104K
  class space    used 3368K, capacity 3508K, committed 3584K, reserved 1048576K
}
Event: 2.783 GC heap before
{Heap before GC invocations=8 (full 0):
 garbage-first heap   total 61440K, used 42481K [0x000000070a800000, 0x0000000800000000)
  region size 2048K, 14 young (28672K), 2 survivors (4096K)
 Metaspace       used 27478K, capacity 27980K, committed 28208K, reserved 1073152K
  class space    used 3687K, capacity 3842K, committed 3968K, reserved 1048576K
}
Event: 2.786 GC heap after
{Heap after GC invocations=9 (full 0):
 garbage-first heap   total 61440K, used 19347K [0x000000070a800000, 0x0000000800000000)
  region size 2048K, 2 young (4096K), 2 survivors (4096K)
 Metaspace       used 27478K, capacity 27980K, committed 28208K, reserved 1073152K
  class space    used 3687K, capacity 3842K, committed 3968K, reserved 1048576K
}
Event: 3.063 GC heap before
{Heap before GC invocations=9 (full 0):
 garbage-first heap   total 61440K, used 41875K [0x000000070a800000, 0x0000000800000000)
  region size 2048K, 13 young (26624K), 2 survivors (4096K)
 Metaspace       used 29826K, capacity 30349K, committed 30512K, reserved 1075200K
  class space    used 4020K, capacity 4189K, committed 4224K, reserved 1048576K
}
Event: 3.066 GC heap after
{Heap after GC invocations=10 (full 0):
 garbage-first heap   total 157696K, used 21065K [0x000000070a800000, 0x0000000800000000)
  region size 2048K, 2 young (4096K), 2 survivors (4096K)
 Metaspace       used 29826K, capacity 30349K, committed 30512K, reserved 1075200K
  class space    used 4020K, capacity 4189K, committed 4224K, reserved 1048576K
}
Event: 3.755 GC heap before
{Heap before GC invocations=10 (full 0):
 garbage-first heap   total 157696K, used 74313K [0x000000070a800000, 0x0000000800000000)
  region size 2048K, 29 young (59392K), 2 survivors (4096K)
 Metaspace       used 35315K, capacity 35861K, committed 35888K, reserved 1081344K
  class space    used 4802K, capacity 4976K, committed 4992K, reserved 1048576K
}
Event: 3.761 GC heap after
{Heap after GC invocations=11 (full 0):
 garbage-first heap   total 157696K, used 24732K [0x000000070a800000, 0x0000000800000000)
  region size 2048K, 4 young (8192K), 4 survivors (8192K)
 Metaspace       used 35315K, capacity 35861K, committed 35888K, reserved 1081344K
  class space    used 4802K, capacity 4976K, committed 4992K, reserved 1048576K
}
Event: 4.450 GC heap before
{Heap before GC invocations=12 (full 0):
 garbage-first heap   total 102400K, used 77980K [0x000000070a800000, 0x0000000800000000)
  region size 2048K, 30 young (61440K), 4 survivors (8192K)
 Metaspace       used 45196K, capacity 45711K, committed 45852K, reserved 1089536K
  class space    used 6251K, capacity 6425K, committed 6508K, reserved 1048576K
}
Event: 4.457 GC heap after
{Heap after GC invocations=13 (full 0):
 garbage-first heap   total 102400K, used 28916K [0x000000070a800000, 0x0000000800000000)
  region size 2048K, 4 young (8192K), 4 survivors (8192K)
 Metaspace       used 45196K, capacity 45711K, committed 45852K, reserved 1089536K
  class space    used 6251K, capacity 6425K, committed 6508K, reserved 1048576K
}
Event: 5.096 GC heap before
{Heap before GC invocations=13 (full 0):
 garbage-first heap   total 102400K, used 76020K [0x000000070a800000, 0x0000000800000000)
  region size 2048K, 28 young (57344K), 4 survivors (8192K)
 Metaspace       used 52819K, capacity 53393K, committed 53660K, reserved 1095680K
  class space    used 7358K, capacity 7527K, committed 7660K, reserved 1048576K
}
Event: 5.103 GC heap after
{Heap after GC invocations=14 (full 0):
 garbage-first heap   total 102400K, used 31454K [0x000000070a800000, 0x0000000800000000)
  region size 2048K, 2 young (4096K), 2 survivors (4096K)
 Metaspace       used 52819K, capacity 53393K, committed 53660K, reserved 1095680K
  class space    used 7358K, capacity 7527K, committed 7660K, reserved 1048576K
}
Event: 5.747 GC heap before
{Heap before GC invocations=14 (full 0):
 garbage-first heap   total 102400K, used 76510K [0x000000070a800000, 0x0000000800000000)
  region size 2048K, 24 young (49152K), 2 survivors (4096K)
 Metaspace       used 56989K, capacity 57577K, committed 57756K, reserved 1099776K
  class space    used 7896K, capacity 8110K, committed 8172K, reserved 1048576K
}
Event: 5.753 GC heap after
{Heap after GC invocations=15 (full 0):
 garbage-first heap   total 122880K, used 33006K [0x000000070a800000, 0x0000000800000000)
  region size 2048K, 3 young (6144K), 3 survivors (6144K)
 Metaspace       used 56989K, capacity 57577K, committed 57756K, reserved 1099776K
  class space    used 7896K, capacity 8110K, committed 8172K, reserved 1048576K
}

Deoptimization events (20 events):
Event: 6.142 Thread 0x00000183afc1a7e0 DEOPT PACKING pc=0x00000183938efe0c sp=0x000000668fdfb4c0
Event: 6.142 Thread 0x00000183afc1a7e0 DEOPT UNPACKING pc=0x0000018392dbe23f sp=0x000000668fdfa9b0 mode 1
Event: 6.144 Thread 0x00000183afc1a7e0 DEOPT PACKING pc=0x000001839390b8d4 sp=0x000000668fdfb370
Event: 6.144 Thread 0x00000183afc1a7e0 DEOPT UNPACKING pc=0x0000018392dbe23f sp=0x000000668fdfa8b8 mode 1
Event: 6.144 Thread 0x00000183afc1a7e0 DEOPT PACKING pc=0x00000183938d4684 sp=0x000000668fdfb470
Event: 6.144 Thread 0x00000183afc1a7e0 DEOPT UNPACKING pc=0x0000018392dbe23f sp=0x000000668fdfa910 mode 1
Event: 6.144 Thread 0x00000183afc1a7e0 DEOPT PACKING pc=0x00000183938efe0c sp=0x000000668fdfb4c0
Event: 6.144 Thread 0x00000183afc1a7e0 DEOPT UNPACKING pc=0x0000018392dbe23f sp=0x000000668fdfa9b0 mode 1
Event: 6.146 Thread 0x00000183afc1a7e0 DEOPT PACKING pc=0x000001839390b8d4 sp=0x000000668fdfb370
Event: 6.146 Thread 0x00000183afc1a7e0 DEOPT UNPACKING pc=0x0000018392dbe23f sp=0x000000668fdfa8b8 mode 1
Event: 6.146 Thread 0x00000183afc1a7e0 DEOPT PACKING pc=0x00000183938d4684 sp=0x000000668fdfb470
Event: 6.146 Thread 0x00000183afc1a7e0 DEOPT UNPACKING pc=0x0000018392dbe23f sp=0x000000668fdfa910 mode 1
Event: 6.146 Thread 0x00000183afc1a7e0 DEOPT PACKING pc=0x00000183938efe0c sp=0x000000668fdfb4c0
Event: 6.146 Thread 0x00000183afc1a7e0 DEOPT UNPACKING pc=0x0000018392dbe23f sp=0x000000668fdfa9b0 mode 1
Event: 6.161 Thread 0x00000183afc1a7e0 DEOPT PACKING pc=0x00000183938df9c4 sp=0x000000668fdf9110
Event: 6.161 Thread 0x00000183afc1a7e0 DEOPT UNPACKING pc=0x0000018392dbe23f sp=0x000000668fdf8648 mode 1
Event: 6.161 Thread 0x00000183afc1a7e0 DEOPT PACKING pc=0x00000183938de0cc sp=0x000000668fdf9200
Event: 6.161 Thread 0x00000183afc1a7e0 DEOPT UNPACKING pc=0x0000018392dbe23f sp=0x000000668fdf8788 mode 1
Event: 6.161 Thread 0x00000183afc1a7e0 DEOPT PACKING pc=0x00000183938dc69c sp=0x000000668fdf9340
Event: 6.161 Thread 0x00000183afc1a7e0 DEOPT UNPACKING pc=0x0000018392dbe23f sp=0x000000668fdf8910 mode 1

Classes unloaded (0 events):
No events

Classes redefined (0 events):
No events

Internal exceptions (20 events):
Event: 5.869 Thread 0x00000183afc1a7e0 Exception <a 'java/lang/NoSuchMethodError'{0x00000007113cf000}: 'java.lang.Object java.lang.invoke.DirectMethodHandle$Holder.invokeStatic(java.lang.Object, java.lang.Object, int, java.lang.Object)'> (0x00000007113cf000) 
thrown [./src/hotspot/share/interpreter/linkResolver.cpp, line 782]
Event: 5.869 Thread 0x00000183afc1a7e0 Exception <a 'java/lang/NoSuchMethodError'{0x00000007113d71a8}: 'java.lang.Object java.lang.invoke.DirectMethodHandle$Holder.newInvokeSpecial(java.lang.Object, java.lang.Object, int)'> (0x00000007113d71a8) 
thrown [./src/hotspot/share/interpreter/linkResolver.cpp, line 782]
Event: 5.874 Thread 0x00000183afcc9ad0 Exception <a 'java/lang/reflect/InvocationTargetException'{0x0000000711154610}> (0x0000000711154610) 
thrown [./src/hotspot/share/runtime/reflection.cpp, line 1157]
Event: 5.874 Thread 0x00000183afc1a7e0 Exception <a 'java/lang/IncompatibleClassChangeError'{0x0000000711062848}: Found class java.lang.Object, but interface was expected> (0x0000000711062848) 
thrown [./src/hotspot/share/interpreter/linkResolver.cpp, line 848]
Event: 5.903 Thread 0x00000183afc1a7e0 Exception <a 'java/lang/reflect/InvocationTargetException'{0x0000000710e6b7e0}> (0x0000000710e6b7e0) 
thrown [./src/hotspot/share/runtime/reflection.cpp, line 1157]
Event: 5.904 Thread 0x00000183afc1a7e0 Exception <a 'java/lang/reflect/InvocationTargetException'{0x0000000710e7a0b0}> (0x0000000710e7a0b0) 
thrown [./src/hotspot/share/runtime/reflection.cpp, line 1157]
Event: 5.994 Thread 0x00000183afc1a7e0 Exception <a 'java/io/FileNotFoundException'{0x00000007108e30b0}> (0x00000007108e30b0) 
thrown [./src/hotspot/share/prims/jni.cpp, line 578]
Event: 6.024 Thread 0x00000183afc1a7e0 Exception <a 'java/lang/ClassNotFoundException'{0x00000007106a5560}: cg/model/bill/BillBeanInfo> (0x00000007106a5560) 
thrown [./src/hotspot/share/classfile/systemDictionary.cpp, line 295]
Event: 6.024 Thread 0x00000183afc1a7e0 Exception <a 'java/lang/ClassNotFoundException'{0x00000007106aad78}: cg/model/bill/BillCustomizer> (0x00000007106aad78) 
thrown [./src/hotspot/share/classfile/systemDictionary.cpp, line 295]
Event: 6.031 Thread 0x00000183afc1a7e0 Exception <a 'java/lang/ClassNotFoundException'{0x000000071072c530}: cg/model/bill/BillDetailBeanInfo> (0x000000071072c530) 
thrown [./src/hotspot/share/classfile/systemDictionary.cpp, line 295]
Event: 6.031 Thread 0x00000183afc1a7e0 Exception <a 'java/lang/ClassNotFoundException'{0x0000000710731ec0}: cg/model/bill/BillDetailCustomizer> (0x0000000710731ec0) 
thrown [./src/hotspot/share/classfile/systemDictionary.cpp, line 295]
Event: 6.051 Thread 0x00000183afc1a7e0 Exception <a 'java/lang/reflect/InvocationTargetException'{0x00000007103d9150}> (0x00000007103d9150) 
thrown [./src/hotspot/share/runtime/reflection.cpp, line 1157]
Event: 6.101 Thread 0x00000183afc1a7e0 Exception <a 'java/lang/NoSuchMethodError'{0x000000070feb5440}: 'java.lang.Object java.lang.invoke.Invokers$Holder.invoker(java.lang.Object, java.lang.Object, java.lang.Object, java.lang.Object)'> (0x000000070feb5440) 
thrown [./src/hotspot/share/interpreter/linkResolver.cpp, line 782]
Event: 6.102 Thread 0x00000183afc1a7e0 Exception <a 'java/lang/NoSuchMethodError'{0x000000070fec04d0}: 'int java.lang.invoke.DirectMethodHandle$Holder.invokeSpecial(java.lang.Object, java.lang.Object, java.lang.Object, int)'> (0x000000070fec04d0) 
thrown [./src/hotspot/share/interpreter/linkResolver.cpp, line 782]
Event: 6.104 Thread 0x00000183afc1a7e0 Exception <a 'java/lang/NoSuchMethodError'{0x000000070fed8f18}: 'void java.lang.invoke.DelegatingMethodHandle$Holder.reinvoke_L(java.lang.Object, java.lang.Object, int)'> (0x000000070fed8f18) 
thrown [./src/hotspot/share/interpreter/linkResolver.cpp, line 782]
Event: 6.105 Thread 0x00000183afc1a7e0 Exception <a 'java/lang/NoSuchMethodError'{0x000000070fee7680}: 'java.lang.Object java.lang.invoke.Invokers$Holder.invokeExact_MT(java.lang.Object, java.lang.Object, java.lang.Object, java.lang.Object)'> (0x000000070fee7680) 
thrown [./src/hotspot/share/interpreter/linkResolver.cpp, line 782]
Event: 6.140 Thread 0x00000183afc1a7e0 Exception <a 'java/lang/reflect/InvocationTargetException'{0x000000070f68f4f0}> (0x000000070f68f4f0) 
thrown [./src/hotspot/share/runtime/reflection.cpp, line 1157]
Event: 6.142 Thread 0x00000183afc1a7e0 Exception <a 'java/lang/reflect/InvocationTargetException'{0x000000070f6a08f0}> (0x000000070f6a08f0) 
thrown [./src/hotspot/share/runtime/reflection.cpp, line 1157]
Event: 6.144 Thread 0x00000183afc1a7e0 Exception <a 'java/lang/reflect/InvocationTargetException'{0x000000070f6ab370}> (0x000000070f6ab370) 
thrown [./src/hotspot/share/runtime/reflection.cpp, line 1157]
Event: 6.146 Thread 0x00000183afc1a7e0 Exception <a 'java/lang/reflect/InvocationTargetException'{0x000000070f6b8f58}> (0x000000070f6b8f58) 
thrown [./src/hotspot/share/runtime/reflection.cpp, line 1157]

Events (20 events):
Event: 6.109 loading class org/modelmapper/convention/StandardMatchingStrategy done
Event: 6.109 loading class org/modelmapper/convention/StrictMatchingStrategy
Event: 6.109 loading class org/modelmapper/convention/StrictMatchingStrategy done
Event: 6.109 loading class org/modelmapper/config/Configuration$AccessLevel
Event: 6.109 loading class org/modelmapper/config/Configuration$AccessLevel done
Event: 6.110 loading class org/modelmapper/internal/MappingEngineImpl
Event: 6.110 loading class org/modelmapper/internal/MappingEngineImpl done
Event: 6.111 loading class org/modelmapper/spi/MappingEngine
Event: 6.111 loading class org/modelmapper/spi/MappingEngine done
Event: 6.112 loading class org/modelmapper/ConfigurationException
Event: 6.112 loading class org/modelmapper/ConfigurationException done
Event: 6.112 loading class org/modelmapper/internal/ErrorsException
Event: 6.112 loading class org/modelmapper/internal/ErrorsException done
Event: 6.112 loading class org/modelmapper/spi/MappingContext
Event: 6.112 loading class org/modelmapper/spi/MappingContext done
Event: 6.113 loading class org/modelmapper/Provider$ProvisionRequest
Event: 6.113 loading class org/modelmapper/Provider$ProvisionRequest done
Event: 6.146 Executing VM operation: ICBufferFull
Event: 6.146 Executing VM operation: ICBufferFull done
Event: 6.167 Executing VM operation: ChangeBreakpoints


Dynamic libraries:
0x00007ff614bf0000 - 0x00007ff614bfd000 	C:\Users\User\.jdks\azul-15.0.9\bin\java.exe
0x00007ff9b27a0000 - 0x00007ff9b29a9000 	C:\WINDOWS\SYSTEM32\ntdll.dll
0x00007ff9b18c0000 - 0x00007ff9b197e000 	C:\WINDOWS\System32\KERNEL32.DLL
0x00007ff9aff60000 - 0x00007ff9b02db000 	C:\WINDOWS\System32\KERNELBASE.dll
0x00007ff9afc70000 - 0x00007ff9afd81000 	C:\WINDOWS\System32\ucrtbase.dll
0x00007ff9ab2b0000 - 0x00007ff9ab2c8000 	C:\Users\User\.jdks\azul-15.0.9\bin\jli.dll
0x00007ff9ab4d0000 - 0x00007ff9ab4e5000 	C:\Users\User\.jdks\azul-15.0.9\bin\VCRUNTIME140.dll
0x00007ff9b09d0000 - 0x00007ff9b0b7d000 	C:\WINDOWS\System32\USER32.dll
0x00007ff9aeec0000 - 0x00007ff9af165000 	C:\WINDOWS\WinSxS\amd64_microsoft.windows.common-controls_6595b64144ccf1df_6.0.22000.120_none_9d947278b86cc467\COMCTL32.dll
0x00007ff9aff30000 - 0x00007ff9aff56000 	C:\WINDOWS\System32\win32u.dll
0x00007ff9b22e0000 - 0x00007ff9b2383000 	C:\WINDOWS\System32\msvcrt.dll
0x00007ff9b09a0000 - 0x00007ff9b09c9000 	C:\WINDOWS\System32\GDI32.dll
0x00007ff9afd90000 - 0x00007ff9afea8000 	C:\WINDOWS\System32\gdi32full.dll
0x00007ff9b0350000 - 0x00007ff9b03ed000 	C:\WINDOWS\System32\msvcp_win.dll
0x00007ff9b2720000 - 0x00007ff9b2752000 	C:\WINDOWS\System32\IMM32.DLL
0x00007ff9a0b50000 - 0x00007ff9a0beb000 	C:\Users\User\.jdks\azul-15.0.9\bin\msvcp140.dll
0x00007ff937330000 - 0x00007ff937eca000 	C:\Users\User\.jdks\azul-15.0.9\bin\server\jvm.dll
0x00007ff9b24b0000 - 0x00007ff9b255e000 	C:\WINDOWS\System32\ADVAPI32.dll
0x00007ff9b0840000 - 0x00007ff9b08de000 	C:\WINDOWS\System32\sechost.dll
0x00007ff9b2390000 - 0x00007ff9b24b0000 	C:\WINDOWS\System32\RPCRT4.dll
0x00007ff9b0800000 - 0x00007ff9b0808000 	C:\WINDOWS\System32\PSAPI.DLL
0x00007ff9a7a60000 - 0x00007ff9a7a93000 	C:\WINDOWS\SYSTEM32\WINMM.dll
0x00007ff9a6810000 - 0x00007ff9a681a000 	C:\WINDOWS\SYSTEM32\VERSION.dll
0x00007ff9ac2e0000 - 0x00007ff9ac2e9000 	C:\WINDOWS\SYSTEM32\WSOCK32.dll
0x00007ff9b2180000 - 0x00007ff9b21ef000 	C:\WINDOWS\System32\WS2_32.dll
0x00007ff9adf40000 - 0x00007ff9adf58000 	C:\WINDOWS\SYSTEM32\kernel.appcore.dll
0x00007ff9ac310000 - 0x00007ff9ac31a000 	C:\Users\User\.jdks\azul-15.0.9\bin\jimage.dll
0x00007ff9af590000 - 0x00007ff9af7b1000 	C:\WINDOWS\SYSTEM32\DBGHELP.DLL
0x00007ff9af2d0000 - 0x00007ff9af301000 	C:\WINDOWS\SYSTEM32\dbgcore.DLL
0x00007ff9afeb0000 - 0x00007ff9aff2f000 	C:\WINDOWS\System32\bcryptPrimitives.dll
0x00007ff9aa270000 - 0x00007ff9aa2a8000 	C:\Users\User\.jdks\azul-15.0.9\bin\jdwp.dll
0x00007ff9aa4f0000 - 0x00007ff9aa4fe000 	C:\Users\User\.jdks\azul-15.0.9\bin\instrument.dll
0x00007ff9a9e70000 - 0x00007ff9a9e95000 	C:\Users\User\.jdks\azul-15.0.9\bin\java.dll
0x00007ff9a2960000 - 0x00007ff9a2978000 	C:\Users\User\.jdks\azul-15.0.9\bin\zip.dll
0x00007ff9b0f80000 - 0x00007ff9b1737000 	C:\WINDOWS\System32\SHELL32.dll
0x00007ff9acfc0000 - 0x00007ff9ad825000 	C:\WINDOWS\SYSTEM32\windows.storage.dll
0x00007ff9b0bf0000 - 0x00007ff9b0f68000 	C:\WINDOWS\System32\combase.dll
0x00007ff9ace50000 - 0x00007ff9acfb6000 	C:\WINDOWS\SYSTEM32\wintypes.dll
0x00007ff9b0700000 - 0x00007ff9b07ea000 	C:\WINDOWS\System32\SHCORE.dll
0x00007ff9b2120000 - 0x00007ff9b217d000 	C:\WINDOWS\System32\shlwapi.dll
0x00007ff9afba0000 - 0x00007ff9afbc1000 	C:\WINDOWS\SYSTEM32\profapi.dll
0x00007ff9aa4e0000 - 0x00007ff9aa4eb000 	C:\Users\User\.jdks\azul-15.0.9\bin\dt_socket.dll
0x00007ff9ada80000 - 0x00007ff9adaad000 	C:\WINDOWS\SYSTEM32\IPHLPAPI.DLL
0x00007ff9aea70000 - 0x00007ff9aead7000 	C:\WINDOWS\system32\mswsock.dll
0x00007ff9a29a0000 - 0x00007ff9a29b9000 	C:\Users\User\.jdks\azul-15.0.9\bin\net.dll
0x00007ff9a8c40000 - 0x00007ff9a8d54000 	C:\WINDOWS\SYSTEM32\WINHTTP.dll
0x00007ff9a2980000 - 0x00007ff9a2992000 	C:\Users\User\.jdks\azul-15.0.9\bin\nio.dll
0x00007ff9adaf0000 - 0x00007ff9adbd8000 	C:\WINDOWS\SYSTEM32\DNSAPI.dll
0x00007ff9b0f70000 - 0x00007ff9b0f79000 	C:\WINDOWS\System32\NSI.dll
0x00007ff9a0c70000 - 0x00007ff9a0c7a000 	C:\Windows\System32\rasadhlp.dll
0x00007ff9a7550000 - 0x00007ff9a75d1000 	C:\WINDOWS\System32\fwpuclnt.dll
0x00007ff9a7c50000 - 0x00007ff9a7c59000 	C:\Users\User\.jdks\azul-15.0.9\bin\management.dll
0x00007ff9a2d70000 - 0x00007ff9a2d7b000 	C:\Users\User\.jdks\azul-15.0.9\bin\management_ext.dll
0x00007ff9af8a0000 - 0x00007ff9af8b8000 	C:\WINDOWS\SYSTEM32\CRYPTSP.dll
0x00007ff9adea0000 - 0x00007ff9aded5000 	C:\WINDOWS\system32\rsaenh.dll
0x00007ff9aec60000 - 0x00007ff9aec89000 	C:\WINDOWS\SYSTEM32\USERENV.dll
0x00007ff9af560000 - 0x00007ff9af587000 	C:\WINDOWS\SYSTEM32\bcrypt.dll
0x00007ff9aedb0000 - 0x00007ff9aedbc000 	C:\WINDOWS\SYSTEM32\CRYPTBASE.dll
0x00007ff9a8d90000 - 0x00007ff9a8da9000 	C:\WINDOWS\SYSTEM32\dhcpcsvc6.DLL
0x00007ff9a8f50000 - 0x00007ff9a8f6e000 	C:\WINDOWS\SYSTEM32\dhcpcsvc.DLL
0x00007ff994230000 - 0x00007ff994247000 	C:\WINDOWS\system32\napinsp.dll
0x00007ff994210000 - 0x00007ff99422b000 	C:\WINDOWS\system32\pnrpnsp.dll
0x00007ff9941f0000 - 0x00007ff994202000 	C:\WINDOWS\System32\winrnr.dll
0x00007ff993070000 - 0x00007ff993085000 	C:\WINDOWS\system32\wshbth.dll
0x00007ff992ce0000 - 0x00007ff992cff000 	C:\WINDOWS\system32\nlansp_c.dll
0x00007ff9a9e60000 - 0x00007ff9a9e70000 	C:\Users\User\.jdks\azul-15.0.9\bin\verify.dll

dbghelp: loaded successfully - version: 4.0.5 - missing functions: none
symbol engine: initialized successfully - sym options: 0x614 - pdb path: .;C:\Users\User\.jdks\azul-15.0.9\bin;C:\WINDOWS\SYSTEM32;C:\WINDOWS\WinSxS\amd64_microsoft.windows.common-controls_6595b64144ccf1df_6.0.22000.120_none_9d947278b86cc467;C:\Users\User\.jdks\azul-15.0.9\bin\server

VM Arguments:
jvm_args: -agentlib:jdwp=transport=dt_socket,address=127.0.0.1:63886,suspend=y,server=n -XX:TieredStopAtLevel=1 -Dspring.output.ansi.enabled=always -Dcom.sun.management.jmxremote -Dspring.jmx.enabled=true -Dspring.liveBeansView.mbeanDomain -Dspring.application.admin.enabled=true -Dmanagement.endpoints.jmx.exposure.include=* -javaagent:C:\Users\User\AppData\Local\JetBrains\IntelliJIdea2022.3\captureAgent\debugger-agent.jar -Dfile.encoding=UTF-8 
java_command: cg.ProjectFinalApplication
java_class_path (initial): D:\project_final\target\classes;C:\Users\User\.m2\repository\javax\persistence\javax.persistence-api\2.2\javax.persistence-api-2.2.jar;C:\Users\User\.m2\repository\org\springframework\boot\spring-boot-starter-actuator\2.5.9\spring-boot-starter-actuator-2.5.9.jar;C:\Users\User\.m2\repository\org\springframework\boot\spring-boot-starter\2.5.9\spring-boot-starter-2.5.9.jar;C:\Users\User\.m2\repository\org\springframework\boot\spring-boot-starter-logging\2.5.9\spring-boot-starter-logging-2.5.9.jar;C:\Users\User\.m2\repository\ch\qos\logback\logback-classic\1.2.10\logback-classic-1.2.10.jar;C:\Users\User\.m2\repository\ch\qos\logback\logback-core\1.2.10\logback-core-1.2.10.jar;C:\Users\User\.m2\repository\org\apache\logging\log4j\log4j-to-slf4j\2.17.1\log4j-to-slf4j-2.17.1.jar;C:\Users\User\.m2\repository\org\apache\logging\log4j\log4j-api\2.17.1\log4j-api-2.17.1.jar;C:\Users\User\.m2\repository\org\slf4j\jul-to-slf4j\1.7.33\jul-to-slf4j-1.7.33.jar;C:\Users\User\.m2\repository\org\springframework\spring-core\5.3.15\spring-core-5.3.15.jar;C:\Users\User\.m2\repository\org\springframework\spring-jcl\5.3.15\spring-jcl-5.3.15.jar;C:\Users\User\.m2\repository\org\yaml\snakeyaml\1.28\snakeyaml-1.28.jar;C:\Users\User\.m2\repository\org\springframework\boot\spring-boot-actuator-autoconfigure\2.5.9\spring-boot-actuator-autoconfigure-2.5.9.jar;C:\Users\User\.m2\repository\org\springframework\boot\spring-boot-actuator\2.5.9\spring-boot-actuator-2.5.9.jar;C:\Users\User\.m2\repository\com\fasterxml\jackson\datatype\jackson-datatype-jsr310\2.12.6\jackson-datatype-jsr310-2.12.6.jar;C:\Users\User\.m2\repository\io\micrometer\micrometer-core\1.7.8\micrometer-core-1.7.8.jar;C:\Users\User\.m2\repository\org\hdrhistogram\HdrHistogram\2.1.12\HdrHistogram-2.1.12.jar;C:\Users\User\.m2\repository\org\latencyutils\LatencyUtils\2.0.3\LatencyUtils-2.0.3.jar;C:\Users\User\.m2\repository\org\springframework\boot\spring-boot-starter-data-jpa\2.5.9\spring-boot-starter-data-
Launcher Type: SUN_STANDARD

[Global flags]
     intx CICompilerCount                          = 4                                         {product} {ergonomic}
     uint ConcGCThreads                            = 3                                         {product} {ergonomic}
     uint G1ConcRefinementThreads                  = 10                                        {product} {ergonomic}
   size_t G1HeapRegionSize                         = 2097152                                   {product} {ergonomic}
    uintx GCDrainStackTargetSize                   = 64                                        {product} {ergonomic}
   size_t InitialHeapSize                          = 257949696                                 {product} {ergonomic}
     bool ManagementServer                         = true                                      {product} {command line}
   size_t MarkStackSize                            = 4194304                                   {product} {ergonomic}
   size_t MaxHeapSize                              = 4118806528                                {product} {ergonomic}
   size_t MaxNewSize                               = 2470445056                                {product} {ergonomic}
   size_t MinHeapDeltaBytes                        = 2097152                                   {product} {ergonomic}
   size_t MinHeapSize                              = 8388608                                   {product} {ergonomic}
    uintx NonNMethodCodeHeapSize                   = 7549744                                {pd product} {ergonomic}
    uintx NonProfiledCodeHeapSize                  = 244108496                              {pd product} {ergonomic}
    uintx ProfiledCodeHeapSize                     = 0                                      {pd product} {ergonomic}
    uintx ReservedCodeCacheSize                    = 251658240                              {pd product} {ergonomic}
     bool SegmentedCodeCache                       = true                                      {product} {ergonomic}
   size_t SoftMaxHeapSize                          = 4118806528                             {manageable} {ergonomic}
     intx TieredStopAtLevel                        = 1                                         {product} {command line}
     bool UseCompressedClassPointers               = true                                 {lp64_product} {ergonomic}
     bool UseCompressedOops                        = true                                 {lp64_product} {ergonomic}
     bool UseG1GC                                  = true                                      {product} {ergonomic}
     bool UseLargePagesIndividualAllocation        = false                                  {pd product} {ergonomic}

Logging:
Log output configuration:
 #0: stdout all=warning uptime,level,tags
 #1: stderr all=off uptime,level,tags

Environment Variables:
PATH=C:\Program Files\Microsoft\jdk-11.0.16.101-hotspot\bin;C:\Windows\system32;C:\Windows;C:\Windows\System32\Wbem;C:\Windows\System32\WindowsPowerShell\v1.0\;C:\Windows\System32\OpenSSH\;C:\Program Files\NVIDIA Corporation\NVIDIA NvDLISR;C:\WINDOWS\system32;C:\WINDOWS;C:\WINDOWS\System32\Wbem;C:\WINDOWS\System32\WindowsPowerShell\v1.0\;C:\WINDOWS\System32\OpenSSH\;C:\Program Files\Git\cmd;C:\Program Files\nodejs\;C:\Program Files\Microsoft SQL Server\150\Tools\Binn\;C:\Program Files\Microsoft SQL Server\Client SDK\ODBC\170\Tools\Binn\;C:\Program Files\dotnet\;C:\Program Files\MySQL\MySQL Shell 8.0\bin\;C:\Users\User\AppData\Local\Microsoft\WindowsApps;;C:\Program Files\JetBrains\IntelliJ IDEA 2022.3\bin;;C:\Users\User\AppData\Roaming\npm;C:\Users\User\.dotnet\tools;C:\Users\User\AppData\Local\Programs\Microsoft VS Code\bin
USERNAME=User
OS=Windows_NT
PROCESSOR_IDENTIFIER=AMD64 Family 23 Model 104 Stepping 1, AuthenticAMD



---------------  S Y S T E M  ---------------

OS:
 Windows 11 , 64 bit Build 22000 (10.0.22000.1335)
OS uptime: 12 days 3:43 hours

CPU: total 12 (initial active 12) (12 cores per cpu, 2 threads per core) family 23 model 104 stepping 1 microcode 0x0, cmov, cx8, fxsr, mmx, sse, sse2, sse3, ssse3, sse4.1, sse4.2, popcnt, vzeroupper, avx, avx2, aes, clmul, 3dnowpref, lzcnt, sse4a, ht, tsc, tscinvbit, tscinv, bmi1, bmi2, adx, sha, fma, clflush, clflushopt

Memory: 4k page, system-wide physical 15706M (3598M free)
TotalPageFile size 24690M (AvailPageFile size 3757M)
current process WorkingSet (physical memory assigned to process): 264M, peak: 264M
current process commit charge ("private bytes"): 317M, peak: 377M

vm_info: OpenJDK 64-Bit Server VM (15.0.9+5-MTS) for windows-amd64 JRE (15.0.9+5-MTS) (Zulu15.44+13-CA), built on Oct  7 2022 09:58:48 by "zulu_re" with MS VC++ 15.9 (VS2017)

END.
